-------------------------------------------------------------------------------
Test set: validate.validateAnimalTest
-------------------------------------------------------------------------------
Tests run: 4, Failures: 0, Errors: 4, Skipped: 0, Time elapsed: 0 s <<< FAILURE! - in validate.validateAnimalTest
testValidateNewAnimalNullName  Time elapsed: 0 s  <<< ERROR!
java.lang.reflect.InaccessibleObjectException: Unable to make validate.validateAnimalTest() accessible: module logic does not "opens validate" to unnamed module @63070bab

testValidateNewAnimalEmptyName  Time elapsed: 0 s  <<< ERROR!
java.lang.reflect.InaccessibleObjectException: Unable to make validate.validateAnimalTest() accessible: module logic does not "opens validate" to unnamed module @63070bab

testValidateNewAnimalNullGender  Time elapsed: 0 s  <<< ERROR!
java.lang.reflect.InaccessibleObjectException: Unable to make validate.validateAnimalTest() accessible: module logic does not "opens validate" to unnamed module @63070bab

testValidateNewAnimalCorrect  Time elapsed: 0 s  <<< ERROR!
java.lang.reflect.InaccessibleObjectException: Unable to make validate.validateAnimalTest() accessible: module logic does not "opens validate" to unnamed module @63070bab

