-------------------------------------------------------------------------------
Test set: Filter.AnimalFilterTest
-------------------------------------------------------------------------------
Tests run: 1, Failures: 0, Errors: 1, Skipped: 0, Time elapsed: 0.008 s <<< FAILURE! - in Filter.AnimalFilterTest
Filter.AnimalFilterTest  Time elapsed: 0.008 s  <<< ERROR!
java.lang.reflect.InaccessibleObjectException: Unable to make static void Filter.AnimalFilterTest.setup() accessible: module logic does not "opens Filter" to unnamed module @63070bab

