-------------------------------------------------------------------------------
Test set: validate.validateReservorTest
-------------------------------------------------------------------------------
Tests run: 3, Failures: 0, Errors: 3, Skipped: 0, Time elapsed: 0 s <<< FAILURE! - in validate.validateReservorTest
testValidateNewReservorEmptyName  Time elapsed: 0 s  <<< ERROR!
java.lang.reflect.InaccessibleObjectException: Unable to make validate.validateReservorTest() accessible: module logic does not "opens validate" to unnamed module @63070bab

testValidateNewReservorNullName  Time elapsed: 0 s  <<< ERROR!
java.lang.reflect.InaccessibleObjectException: Unable to make validate.validateReservorTest() accessible: module logic does not "opens validate" to unnamed module @63070bab

testValidateNewReservorCorrect  Time elapsed: 0 s  <<< ERROR!
java.lang.reflect.InaccessibleObjectException: Unable to make validate.validateReservorTest() accessible: module logic does not "opens validate" to unnamed module @63070bab

