-------------------------------------------------------------------------------
Test set: validate.validateObserverTest
-------------------------------------------------------------------------------
Tests run: 3, Failures: 0, Errors: 3, Skipped: 0, Time elapsed: 0 s <<< FAILURE! - in validate.validateObserverTest
testValidateObserverNullEmail  Time elapsed: 0 s  <<< ERROR!
java.lang.reflect.InaccessibleObjectException: Unable to make validate.validateObserverTest() accessible: module logic does not "opens validate" to unnamed module @63070bab

testValidateObserverEmptyEmail  Time elapsed: 0 s  <<< ERROR!
java.lang.reflect.InaccessibleObjectException: Unable to make validate.validateObserverTest() accessible: module logic does not "opens validate" to unnamed module @63070bab

testValidateObserverCorrect  Time elapsed: 0 s  <<< ERROR!
java.lang.reflect.InaccessibleObjectException: Unable to make validate.validateObserverTest() accessible: module logic does not "opens validate" to unnamed module @63070bab

